This is pdfTeX, Version 3.141592653-2.6-1.40.25 (TeX Live 2023/Debian) (preloaded format=pdflatex 2025.3.27)  1 MAY 2025 23:56
entering extended mode
 restricted \write18 enabled.
 file:line:error style messages enabled.
 %&-line parsing enabled.
**/home/devansh/repos/CS1023-Final-Project-2/report/report
(/home/devansh/repos/CS1023-Final-Project-2/report/report.tex
LaTeX2e <2023-11-01> patch level 1
L3 programming layer <2024-01-22>
(/usr/share/texlive/texmf-dist/tex/latex/base/article.cls
Document Class: article 2023/05/17 v1.4n Standard LaTeX document class
(/usr/share/texlive/texmf-dist/tex/latex/base/size10.clo
File: size10.clo 2023/05/17 v1.4n Standard LaTeX file (size option)
)
\c@part=\count187
\c@section=\count188
\c@subsection=\count189
\c@subsubsection=\count190
\c@paragraph=\count191
\c@subparagraph=\count192
\c@figure=\count193
\c@table=\count194
\abovecaptionskip=\skip48
\belowcaptionskip=\skip49
\bibindent=\dimen140
) (/usr/share/texlive/texmf-dist/tex/latex/fancyhdr/fancyhdr.sty
Package: fancyhdr 2022/11/09 v4.1 Extensive control of page headers and footers
\f@nch@headwidth=\skip50
\f@nch@O@elh=\skip51
\f@nch@O@erh=\skip52
\f@nch@O@olh=\skip53
\f@nch@O@orh=\skip54
\f@nch@O@elf=\skip55
\f@nch@O@erf=\skip56
\f@nch@O@olf=\skip57
\f@nch@O@orf=\skip58
) (/usr/share/texlive/texmf-dist/tex/latex/l3backend/l3backend-pdftex.def
File: l3backend-pdftex.def 2024-01-04 L3 backend support: PDF output (pdfTeX)
\l__color_backend_stack_int=\count195
\l__pdf_internal_box=\box51
) (./report.aux)
\openout1 = `report.aux'.

LaTeX Font Info:    Checking defaults for OML/cmm/m/it on input line 10.
LaTeX Font Info:    ... okay on input line 10.
LaTeX Font Info:    Checking defaults for OMS/cmsy/m/n on input line 10.
LaTeX Font Info:    ... okay on input line 10.
LaTeX Font Info:    Checking defaults for OT1/cmr/m/n on input line 10.
LaTeX Font Info:    ... okay on input line 10.
LaTeX Font Info:    Checking defaults for T1/cmr/m/n on input line 10.
LaTeX Font Info:    ... okay on input line 10.
LaTeX Font Info:    Checking defaults for TS1/cmr/m/n on input line 10.
LaTeX Font Info:    ... okay on input line 10.
LaTeX Font Info:    Checking defaults for OMX/cmex/m/n on input line 10.
LaTeX Font Info:    ... okay on input line 10.
LaTeX Font Info:    Checking defaults for U/cmr/m/n on input line 10.
LaTeX Font Info:    ... okay on input line 10.
 [1

{/var/lib/texmf/fonts/map/pdftex/updmap/pdftex.map}] [1{/usr/share/texmf/fonts/enc/dvips/cm-super/cm-super-ts1.enc}]
Overfull \hbox (18.85869pt too wide) in paragraph at lines 75--76
\OT1/cmr/m/n/10 Example:  \OT1/cmtt/m/n/10 | Plus (a, b) -> (try check ctx TInt a; check ctx TInt
 []

[2]
Overfull \hbox (9.27715pt too wide) in paragraph at lines 98--99
\OT1/cmtt/m/n/10 | (MInt 0) :: (MInt []) :: s -> MExptn Syntax.DivisionByZero::
 []


Overfull \hbox (9.38846pt too wide) in paragraph at lines 99--100
[]\OT1/cmtt/m/n/10 GenericException -1\OT1/cmr/m/n/10 : The datatypes of the ma-chine val-ues of the operands
 []

[3]
LaTeX Font Info:    Trying to load font information for OMS+cmtt on input line 114.
LaTeX Font Info:    No file OMScmtt.fd. on input line 114.


LaTeX Font Warning: Font shape `OMS/cmtt/m/n' undefined
(Font)              using `OMS/cmsy/m/n' instead
(Font)              for symbol `textbraceleft' on input line 114.


Underfull \hbox (badness 10000) in paragraph at lines 112--115

 []


Overfull \hbox (0.49722pt too wide) in paragraph at lines 112--115
\OT1/cmtt/m/n/10 try\OMS/cmtt/m/n/10 f\OT1/cmtt/m/n/10 test-expression\OMS/cmtt/m/n/10 g \OT1/cmtt/m/n/10 with \OMS/cmtt/m/n/10 f\OT1/cmtt/m/n/10 | error1 -> exp1 | error2 -> exp2 ....\OMS/cmtt/m/n/10 g 
 []


Underfull \hbox (badness 10000) in paragraph at lines 112--115

 []


Underfull \hbox (badness 10000) in paragraph at lines 116--118

 []


Underfull \hbox (badness 10000) in paragraph at lines 122--123

 []


Overfull \hbox (1.49698pt too wide) in paragraph at lines 124--125
\OT1/cmtt/m/n/10 (* Recursively go through the list and return the type of the last
 []


Overfull \hbox (2.33693pt too wide) in paragraph at lines 124--125
\OT1/cmtt/m/n/10 | ([], exp) :: body -> let t' = type[]of ctx exp in match[]cases body
 []


Overfull \hbox (27.74675pt too wide) in paragraph at lines 124--125
\OT1/cmtt/m/n/10 (* Assign the return type to t' if the test expression is an exception.
 []


Underfull \hbox (badness 10000) in paragraph at lines 124--125

 []

[4]
Overfull \hbox (0.41698pt too wide) in paragraph at lines 146--147
[]\OT1/cmr/m/n/10 Simple Ex-cep-tion Han-dling (\OT1/cmtt/m/n/10 double \OT1/cmr/m/n/10 is the same func-tion as de-fined above): 
 []


Overfull \hbox (20.49724pt too wide) in paragraph at lines 147--148
\OT1/cmtt/m/n/10 miniML> try \OMS/cmtt/m/n/10 f\OT1/cmtt/m/n/10 21/0\OMS/cmtt/m/n/10 g \OT1/cmtt/m/n/10 with \OMS/cmtt/m/n/10 f\OT1/cmtt/m/n/10 |DivisionByZero -> 10 | GenericException
 []


Overfull \hbox (51.99696pt too wide) in paragraph at lines 147--148
\OT1/cmtt/m/n/10 miniML> try \OMS/cmtt/m/n/10 f\OT1/cmtt/m/n/10 10 + false\OMS/cmtt/m/n/10 g \OT1/cmtt/m/n/10 with \OMS/cmtt/m/n/10 f\OT1/cmtt/m/n/10 |DivisionByZero -> 10 | GenericException
 []


Overfull \hbox (57.24692pt too wide) in paragraph at lines 147--148
\OT1/cmtt/m/n/10 miniML> try \OMS/cmtt/m/n/10 f\OT1/cmtt/m/n/10 double true\OMS/cmtt/m/n/10 g \OT1/cmtt/m/n/10 with \OMS/cmtt/m/n/10 f\OT1/cmtt/m/n/10 |DivisionByZero -> 10 | GenericException
 []


Overfull \hbox (25.7472pt too wide) in paragraph at lines 148--149
\OT1/cmtt/m/n/10 miniML> try \OMS/cmtt/m/n/10 f\OT1/cmtt/m/n/10 4/false\OMS/cmtt/m/n/10 g \OT1/cmtt/m/n/10 with \OMS/cmtt/m/n/10 f\OT1/cmtt/m/n/10 |DivisionByZero -> 0 |GenericException
 []

[5]
Overfull \hbox (9.24751pt too wide) in paragraph at lines 149--150
\OT1/cmtt/m/n/10 miniML> try \OMS/cmtt/m/n/10 f\OT1/cmtt/m/n/10 4 + try\OMS/cmtt/m/n/10 f\OT1/cmtt/m/n/10 4/0\OMS/cmtt/m/n/10 g \OT1/cmtt/m/n/10 with \OMS/cmtt/m/n/10 f\OT1/cmtt/m/n/10 |DivisionByZero -> false\OMS/cmtt/m/n/10 gg \OT1/cmtt/m/n/10 with
 []


Overfull \hbox (9.99733pt too wide) in paragraph at lines 155--156
\OT1/cmtt/m/n/10 miniML> try \OMS/cmtt/m/n/10 f\OT1/cmtt/m/n/10 2/0\OMS/cmtt/m/n/10 g \OT1/cmtt/m/n/10 with \OMS/cmtt/m/n/10 f\OT1/cmtt/m/n/10 |DivisionByZero -> 0 |DivisionByZero ->
 []


Overfull \hbox (36.2471pt too wide) in paragraph at lines 156--157
\OT1/cmtt/m/n/10 miniML> try \OMS/cmtt/m/n/10 f\OT1/cmtt/m/n/10 3+true\OMS/cmtt/m/n/10 g \OT1/cmtt/m/n/10 with \OMS/cmtt/m/n/10 f\OT1/cmtt/m/n/10 |GenericException -1 -> 5 |DivisionByZero
 []


Overfull \hbox (14.99734pt too wide) in paragraph at lines 158--159
\OT1/cmtt/m/n/10 miniML> try \OMS/cmtt/m/n/10 f\OT1/cmtt/m/n/10 raise DivisionByZero\OMS/cmtt/m/n/10 g \OT1/cmtt/m/n/10 with \OMS/cmtt/m/n/10 f\OT1/cmtt/m/n/10 |DivisionByZero -> 0\OMS/cmtt/m/n/10 g\OT1/cmtt/m/n/10 ;; 
 []


Overfull \hbox (4.74738pt too wide) in paragraph at lines 158--159
\OT1/cmtt/m/n/10 miniML> try \OMS/cmtt/m/n/10 f\OT1/cmtt/m/n/10 raise GenericException 1\OMS/cmtt/m/n/10 g \OT1/cmtt/m/n/10 with \OMS/cmtt/m/n/10 f\OT1/cmtt/m/n/10 |GenericException
 []

[6] [7] (./report.aux)
 ***********
LaTeX2e <2023-11-01> patch level 1
L3 programming layer <2024-01-22>
 ***********


LaTeX Font Warning: Some font shapes were not available, defaults substituted.

 ) 
Here is how much of TeX's memory you used:
 649 strings out of 474222
 11433 string characters out of 5748733
 1931975 words of memory out of 5000000
 22972 multiletter control sequences out of 15000+600000
 560696 words of font info for 45 fonts, out of 8000000 for 9000
 1141 hyphenation exceptions out of 8191
 35i,11n,55p,721b,275s stack positions out of 10000i,1000n,20000p,200000b,200000s
</usr/share/texlive/texmf-dist/fonts/type1/public/amsfonts/cm/cmbx10.pfb></usr/share/texlive/texmf-dist/fonts/type1/public/amsfonts/cm/cmbx12.pfb></usr/share/texlive/texmf-dist/fonts/type1/public/amsfonts/cm/cmr10.pfb></usr/share/texlive/texmf-dist/fonts/type1/public/amsfonts/cm/cmr12.pfb></usr/share/texlive/texmf-dist/fonts/type1/public/amsfonts/cm/cmsy10.pfb></usr/share/texlive/texmf-dist/fonts/type1/public/amsfonts/cm/cmtt10.pfb></usr/share/texmf/fonts/type1/public/cm-super/sfrm1000.pfb>
Output written on report.pdf (8 pages, 116779 bytes).
PDF statistics:
 67 PDF objects out of 1000 (max. 8388607)
 42 compressed objects within 1 object stream
 0 named destinations out of 1000 (max. 500000)
 1 words of extra memory for PDF output out of 10000 (max. 10000000)

